<?xml version="1.0" encoding="UTF-8"?>
<!-- Generated by org.testng.reporters.JUnitReportReporter -->
<testsuite skipped="0" hostname="DESKTOP-7LSEAB3" name="org.TestNG.Priority_Concept" tests="4" failures="0" timestamp="2021-09-21T17:15:53 IST" time="0.022" errors="0">
  <testcase name="setProperty" time="0.013" classname="org.TestNG.Priority_Concept"/>
  <system-out/>
  <testcase name="username" time="0.003" classname="org.TestNG.Priority_Concept"/>
  <system-out/>
  <testcase name="password" time="0.003" classname="org.TestNG.Priority_Concept"/>
  <system-out/>
  <testcase name="login" time="0.003" classname="org.TestNG.Priority_Concept"/>
  <system-out/>
</testsuite> <!-- org.TestNG.Priority_Concept -->
