<?xml version="1.0" encoding="UTF-8"?>
<!-- Generated by org.testng.reporters.JUnitReportReporter -->
<testsuite skipped="0" hostname="DESKTOP-7LSEAB3" name="org.TestNG.Grouping_Test" tests="5" failures="0" timestamp="2021-09-21T22:04:14 IST" time="0.029" errors="0">
  <testcase name="spotify" time="0.003" classname="org.TestNG.Grouping_Test"/>
  <system-out/>
  <testcase name="instagram" time="0.003" classname="org.TestNG.Grouping_Test"/>
  <system-out/>
  <testcase name="wynk" time="0.003" classname="org.TestNG.Grouping_Test"/>
  <system-out/>
  <testcase name="whatsapp" time="0.003" classname="org.TestNG.Grouping_Test"/>
  <system-out/>
  <testcase name="facebook" time="0.017" classname="org.TestNG.Grouping_Test"/>
  <system-out/>
</testsuite> <!-- org.TestNG.Grouping_Test -->
