<?xml version="1.0" encoding="UTF-8"?>
<!-- Generated by org.testng.reporters.JUnitReportReporter -->
<testsuite skipped="0" hostname="DESKTOP-7LSEAB3" name="org.TestNG.Assert_1" tests="1" failures="0" timestamp="2021-09-21T22:13:31 IST" time="0.014" errors="0">
  <testcase name="Data_Verification" time="0.014" classname="org.TestNG.Assert_1"/>
  <system-out/>
</testsuite> <!-- org.TestNG.Assert_1 -->
