<?xml version="1.0" encoding="UTF-8"?>
<!-- Generated by org.testng.reporters.JUnitReportReporter -->
<testsuite skipped="0" hostname="DESKTOP-7LSEAB3" name="org.TestNG.Timeout" tests="1" failures="0" timestamp="2021-09-21T17:28:05 IST" time="4.047" errors="0">
  <testcase name="login" time="4.047" classname="org.TestNG.Timeout"/>
  <system-out/>
</testsuite> <!-- org.TestNG.Timeout -->
