<?xml version="1.0" encoding="UTF-8"?>
<!-- Generated by org.testng.reporters.JUnitReportReporter -->
<testsuite skipped="0" hostname="DESKTOP-7LSEAB3" name="org.TestNG.Invocation_Count" tests="5" failures="0" timestamp="2021-09-21T17:21:06 IST" time="0.022" errors="0">
  <testcase name="BrowserLaunch" time="0.011" classname="org.TestNG.Invocation_Count"/>
  <system-out/>
  <testcase name="refresh" time="0.002" classname="org.TestNG.Invocation_Count"/>
  <system-out/>
  <testcase name="refresh" time="0.003" classname="org.TestNG.Invocation_Count"/>
  <system-out/>
  <testcase name="refresh" time="0.001" classname="org.TestNG.Invocation_Count"/>
  <system-out/>
  <testcase name="nextPage" time="0.005" classname="org.TestNG.Invocation_Count"/>
  <system-out/>
</testsuite> <!-- org.TestNG.Invocation_Count -->
