<?xml version="1.0" encoding="UTF-8"?>
<!-- Generated by org.testng.reporters.JUnitReportReporter -->
<testsuite skipped="1" hostname="DESKTOP-7LSEAB3" name="org.TestNG.Simple_Annotations" tests="3" failures="0" timestamp="2021-09-19T18:26:21 IST" time="0.031" errors="0">
  <testcase name="books" time="0.031" classname="org.TestNG.Simple_Annotations"/>
  <system-out/>
  <testcase name="earphones" time="0.000" classname="org.TestNG.Simple_Annotations"/>
  <system-out/>
  <testcase name="laptop" classname="org.TestNG.Simple_Annotations">
    <skipped/>
  </testcase> <!-- laptop -->
  <system-out/>
</testsuite> <!-- org.TestNG.Simple_Annotations -->
