<?xml version="1.0" encoding="UTF-8"?>
<!-- Generated by org.testng.reporters.JUnitReportReporter -->
<testsuite skipped="0" hostname="DESKTOP-7LSEAB3" name="org.TestNG.Parameter1" tests="1" failures="0" timestamp="2021-09-21T18:03:17 IST" time="0.010" errors="0">
  <testcase name="credentails" time="0.010" classname="org.TestNG.Parameter1"/>
  <system-out/>
</testsuite> <!-- org.TestNG.Parameter1 -->
